Wed, 09 Sep 2020 12:31:12 GMT | INFO  | Server is running on port: 3000
Wed, 09 Sep 2020 12:42:08 GMT | INFO  | Server is running on port: 3000
Fri, 11 Sep 2020 11:59:33 GMT | INFO  | Server is running on port: 3000
Fri, 11 Sep 2020 12:00:45 GMT | INFO  | Server is running on port: 3000
Fri, 11 Sep 2020 12:00:56 GMT | INFO  | Server is running on port: 3000
Fri, 11 Sep 2020 12:01:10 GMT | INFO  | Server is running on port: 3000
Fri, 11 Sep 2020 12:06:29 GMT | INFO  | Server is running on port: 3000
Fri, 11 Sep 2020 12:07:34 GMT | INFO  | Server is running on port: 3000
Fri, 11 Sep 2020 12:07:34 GMT | INFO  | Connected to database
Fri, 11 Sep 2020 12:18:32 GMT | INFO  | Server is running on port: 3000
Fri, 11 Sep 2020 12:18:32 GMT | INFO  | Connected to database
Fri, 11 Sep 2020 12:48:46 GMT | INFO  | Server is running on port: 3000
Fri, 11 Sep 2020 12:48:46 GMT | INFO  | Connected to database
Fri, 11 Sep 2020 12:50:16 GMT | INFO  | Server is running on port: 3000
Fri, 11 Sep 2020 12:50:16 GMT | INFO  | Connected to database
Fri, 11 Sep 2020 13:04:06 GMT | INFO  | Server is running on port: 3000
Fri, 11 Sep 2020 13:04:06 GMT | INFO  | Connected to database
Fri, 11 Sep 2020 13:14:59 GMT | INFO  | Server is running on port: 3000
Fri, 11 Sep 2020 13:14:59 GMT | INFO  | Connected to database
Fri, 11 Sep 2020 13:32:28 GMT | INFO  | Server is running on port: 3000
Fri, 11 Sep 2020 13:32:28 GMT | INFO  | Connected to database
Mon, 14 Sep 2020 12:28:33 GMT | INFO  | Server is running on port: 3000
Mon, 14 Sep 2020 12:28:33 GMT | INFO  | Connected to database
Mon, 14 Sep 2020 12:30:02 GMT | INFO  | Server is running on port: 3000
Mon, 14 Sep 2020 12:30:02 GMT | INFO  | Connected to database
Mon, 14 Sep 2020 12:34:07 GMT | INFO  | Server is running on port: 3000
Mon, 14 Sep 2020 12:34:07 GMT | INFO  | Connected to database
Mon, 14 Sep 2020 12:34:50 GMT | INFO  | Server is running on port: 3000
Mon, 14 Sep 2020 12:34:50 GMT | INFO  | Connected to database
Mon, 14 Sep 2020 12:34:52 GMT | INFO  | Server is running on port: 3000
Mon, 14 Sep 2020 12:34:52 GMT | INFO  | Connected to database
Mon, 14 Sep 2020 12:36:04 GMT | INFO  | Server is running on port: 3000
Mon, 14 Sep 2020 12:36:04 GMT | INFO  | Connected to database
Mon, 14 Sep 2020 12:37:25 GMT | INFO  | Server is running on port: 3000
Mon, 14 Sep 2020 12:37:25 GMT | INFO  | Connected to database
Mon, 14 Sep 2020 12:40:20 GMT | INFO  | Server is running on port: 3000
Mon, 14 Sep 2020 12:40:20 GMT | INFO  | Connected to database
Mon, 14 Sep 2020 12:40:30 GMT | INFO  | Server is running on port: 3000
Mon, 14 Sep 2020 12:40:30 GMT | INFO  | Connected to database
Mon, 14 Sep 2020 12:41:38 GMT | INFO  | Server is running on port: 3000
Mon, 14 Sep 2020 12:41:38 GMT | INFO  | Connected to database
Mon, 14 Sep 2020 12:42:35 GMT | INFO  | Server is running on port: 3000
Mon, 14 Sep 2020 12:42:35 GMT | INFO  | Connected to database
Mon, 14 Sep 2020 12:43:22 GMT | INFO  | Server is running on port: 3000
Mon, 14 Sep 2020 12:43:23 GMT | INFO  | Connected to database
Mon, 14 Sep 2020 12:43:55 GMT | INFO  | Server is running on port: 3000
Mon, 14 Sep 2020 12:43:55 GMT | INFO  | Connected to database
Mon, 14 Sep 2020 12:47:50 GMT | INFO  | Server is running on port: 3000
Mon, 14 Sep 2020 12:47:50 GMT | INFO  | Connected to database
Mon, 14 Sep 2020 12:48:37 GMT | INFO  | Server is running on port: 3000
Mon, 14 Sep 2020 12:48:37 GMT | INFO  | Connected to database
Mon, 14 Sep 2020 12:49:06 GMT | INFO  | Server is running on port: 3000
Mon, 14 Sep 2020 12:49:06 GMT | INFO  | Connected to database
Mon, 14 Sep 2020 12:49:51 GMT | INFO  | Server is running on port: 3000
Mon, 14 Sep 2020 12:49:51 GMT | INFO  | Connected to database
Mon, 14 Sep 2020 12:50:01 GMT | INFO  | Server is running on port: 3000
Mon, 14 Sep 2020 12:50:01 GMT | INFO  | Connected to database
Mon, 14 Sep 2020 12:51:12 GMT | INFO  | Server is running on port: 3000
Mon, 14 Sep 2020 12:51:12 GMT | INFO  | Connected to database
Mon, 14 Sep 2020 12:51:16 GMT | INFO  | Server is running on port: 3000
Mon, 14 Sep 2020 12:51:16 GMT | INFO  | Connected to database
Mon, 14 Sep 2020 12:52:00 GMT | INFO  | Server is running on port: 3000
Mon, 14 Sep 2020 12:52:00 GMT | INFO  | Connected to database
Mon, 14 Sep 2020 12:52:59 GMT | INFO  | Server is running on port: 3000
Mon, 14 Sep 2020 12:52:59 GMT | INFO  | Connected to database
Mon, 14 Sep 2020 12:53:07 GMT | INFO  | Server is running on port: 3000
Mon, 14 Sep 2020 12:53:07 GMT | INFO  | Connected to database
Mon, 14 Sep 2020 12:53:43 GMT | INFO  | Server is running on port: 3000
Mon, 14 Sep 2020 12:53:43 GMT | INFO  | Connected to database
Mon, 14 Sep 2020 12:56:31 GMT | INFO  | Server is running on port: 3000
Mon, 14 Sep 2020 12:56:31 GMT | INFO  | Connected to database
Mon, 14 Sep 2020 12:56:35 GMT | INFO  | Server is running on port: 3000
Mon, 14 Sep 2020 12:56:35 GMT | INFO  | Connected to database
Mon, 14 Sep 2020 12:56:41 GMT | INFO  | Server is running on port: 3000
Mon, 14 Sep 2020 12:56:42 GMT | INFO  | Connected to database
Mon, 14 Sep 2020 12:57:27 GMT | INFO  | Server is running on port: 3000
Mon, 14 Sep 2020 12:57:27 GMT | INFO  | Connected to database
Mon, 14 Sep 2020 12:58:13 GMT | INFO  | Server is running on port: 3000
Mon, 14 Sep 2020 12:58:13 GMT | INFO  | Connected to database
Mon, 14 Sep 2020 13:00:18 GMT | INFO  | Server is running on port: 3000
Mon, 14 Sep 2020 13:00:18 GMT | INFO  | Connected to database
Mon, 14 Sep 2020 13:00:34 GMT | INFO  | Server is running on port: 3000
Mon, 14 Sep 2020 13:00:34 GMT | INFO  | Connected to database
Mon, 14 Sep 2020 13:02:03 GMT | INFO  | Server is running on port: 3000
Mon, 14 Sep 2020 13:02:03 GMT | INFO  | Connected to database
Mon, 14 Sep 2020 13:03:07 GMT | INFO  | Server is running on port: 3000
Mon, 14 Sep 2020 13:03:07 GMT | INFO  | Connected to database
Mon, 14 Sep 2020 13:05:49 GMT | INFO  | Server is running on port: 3000
Mon, 14 Sep 2020 13:05:49 GMT | INFO  | Connected to database
Mon, 14 Sep 2020 13:24:56 GMT | INFO  | Server is running on port: 3000
Mon, 14 Sep 2020 13:24:56 GMT | INFO  | Connected to database
Mon, 14 Sep 2020 13:26:32 GMT | INFO  | Server is running on port: 3000
Mon, 14 Sep 2020 13:26:32 GMT | INFO  | Connected to database
Mon, 14 Sep 2020 13:31:50 GMT | INFO  | Server is running on port: 3000
Mon, 14 Sep 2020 13:31:50 GMT | INFO  | Connected to database
Mon, 14 Sep 2020 13:59:26 GMT | INFO  | Server is running on port: 3000
Mon, 14 Sep 2020 13:59:26 GMT | INFO  | Connected to database
Mon, 14 Sep 2020 14:01:40 GMT | INFO  | Server is running on port: 3000
Mon, 14 Sep 2020 14:01:40 GMT | INFO  | Connected to database
Mon, 14 Sep 2020 14:07:51 GMT | INFO  | Server is running on port: 3000
Mon, 14 Sep 2020 14:07:51 GMT | INFO  | Connected to database
Mon, 14 Sep 2020 14:08:58 GMT | INFO  | Server is running on port: 3000
Mon, 14 Sep 2020 14:08:58 GMT | INFO  | Connected to database
Mon, 14 Sep 2020 14:09:18 GMT | INFO  | Server is running on port: 3000
Mon, 14 Sep 2020 14:09:18 GMT | INFO  | Connected to database
Mon, 14 Sep 2020 14:19:32 GMT | INFO  | Server is running on port: 3000
Mon, 14 Sep 2020 14:19:32 GMT | INFO  | Connected to database
Mon, 14 Sep 2020 14:20:06 GMT | INFO  | Server is running on port: 3000
Mon, 14 Sep 2020 14:20:06 GMT | INFO  | Connected to database
Mon, 14 Sep 2020 14:20:36 GMT | INFO  | Server is running on port: 3000
Mon, 14 Sep 2020 14:20:36 GMT | INFO  | Connected to database
Mon, 14 Sep 2020 14:24:17 GMT | INFO  | Server is running on port: 3000
Mon, 14 Sep 2020 14:24:17 GMT | INFO  | Connected to database
Mon, 14 Sep 2020 14:25:12 GMT | INFO  | Server is running on port: 3000
Mon, 14 Sep 2020 14:25:12 GMT | INFO  | Connected to database
Mon, 14 Sep 2020 14:26:13 GMT | INFO  | Server is running on port: 3000
Mon, 14 Sep 2020 14:26:13 GMT | INFO  | Connected to database
Mon, 14 Sep 2020 14:30:08 GMT | INFO  | Server is running on port: 3000
Mon, 14 Sep 2020 14:30:08 GMT | INFO  | Connected to database
Mon, 14 Sep 2020 14:30:51 GMT | INFO  | Server is running on port: 3000
Mon, 14 Sep 2020 14:30:51 GMT | INFO  | Connected to database
Mon, 14 Sep 2020 14:31:17 GMT | INFO  | Server is running on port: 3000
Mon, 14 Sep 2020 14:31:18 GMT | INFO  | Connected to database
Mon, 14 Sep 2020 14:31:46 GMT | INFO  | Server is running on port: 3000
Mon, 14 Sep 2020 14:31:46 GMT | INFO  | Connected to database
Mon, 14 Sep 2020 14:34:11 GMT | INFO  | Server is running on port: 3000
Mon, 14 Sep 2020 14:34:11 GMT | INFO  | Connected to database
Mon, 14 Sep 2020 14:35:18 GMT | INFO  | Server is running on port: 3000
Mon, 14 Sep 2020 14:35:18 GMT | INFO  | Connected to database
Mon, 14 Sep 2020 14:35:43 GMT | INFO  | Server is running on port: 3000
Mon, 14 Sep 2020 14:35:43 GMT | INFO  | Connected to database
Mon, 14 Sep 2020 14:36:01 GMT | INFO  | Server is running on port: 3000
Mon, 14 Sep 2020 14:36:01 GMT | INFO  | Connected to database
Mon, 14 Sep 2020 14:36:38 GMT | INFO  | Server is running on port: 3000
Mon, 14 Sep 2020 14:36:39 GMT | INFO  | Connected to database
Mon, 14 Sep 2020 14:36:56 GMT | INFO  | Server is running on port: 3000
Mon, 14 Sep 2020 14:36:56 GMT | INFO  | Connected to database
Mon, 14 Sep 2020 14:37:45 GMT | INFO  | Server is running on port: 3000
Mon, 14 Sep 2020 14:37:45 GMT | INFO  | Connected to database
Mon, 14 Sep 2020 14:38:03 GMT | INFO  | Server is running on port: 3000
Mon, 14 Sep 2020 14:38:03 GMT | INFO  | Connected to database
Mon, 14 Sep 2020 14:38:19 GMT | INFO  | Server is running on port: 3000
Mon, 14 Sep 2020 14:38:19 GMT | INFO  | Connected to database
Mon, 14 Sep 2020 14:38:24 GMT | INFO  | Server is running on port: 3000
Mon, 14 Sep 2020 14:38:24 GMT | INFO  | Connected to database
Mon, 14 Sep 2020 14:40:02 GMT | INFO  | Server is running on port: 3000
Mon, 14 Sep 2020 14:40:02 GMT | INFO  | Connected to database
Mon, 14 Sep 2020 14:40:49 GMT | INFO  | Server is running on port: 3000
Mon, 14 Sep 2020 14:40:49 GMT | INFO  | Connected to database
Mon, 14 Sep 2020 14:41:08 GMT | INFO  | Server is running on port: 3000
Mon, 14 Sep 2020 14:41:08 GMT | INFO  | Connected to database
Mon, 14 Sep 2020 14:41:35 GMT | INFO  | Server is running on port: 3000
Mon, 14 Sep 2020 14:41:35 GMT | INFO  | Connected to database
Mon, 14 Sep 2020 14:42:05 GMT | INFO  | Server is running on port: 3000
Mon, 14 Sep 2020 14:42:05 GMT | INFO  | Connected to database
Mon, 14 Sep 2020 14:42:34 GMT | INFO  | Server is running on port: 3000
Mon, 14 Sep 2020 14:42:34 GMT | INFO  | Connected to database
Mon, 14 Sep 2020 14:43:20 GMT | INFO  | Server is running on port: 3000
Mon, 14 Sep 2020 14:43:20 GMT | INFO  | Connected to database
Mon, 14 Sep 2020 14:46:32 GMT | INFO  | Server is running on port: 3000
Mon, 14 Sep 2020 14:46:32 GMT | INFO  | Connected to database
Mon, 14 Sep 2020 15:13:28 GMT | INFO  | Server is running on port: 3000
Mon, 14 Sep 2020 15:13:28 GMT | INFO  | Connected to database
Mon, 14 Sep 2020 15:13:35 GMT | INFO  | Server is running on port: 3000
Mon, 14 Sep 2020 15:13:35 GMT | INFO  | Connected to database
Mon, 14 Sep 2020 15:14:19 GMT | INFO  | Server is running on port: 3000
Mon, 14 Sep 2020 15:14:19 GMT | INFO  | Connected to database
Mon, 14 Sep 2020 15:14:38 GMT | INFO  | Server is running on port: 3000
Mon, 14 Sep 2020 15:14:38 GMT | INFO  | Connected to database
Mon, 14 Sep 2020 15:14:48 GMT | INFO  | Server is running on port: 3000
Mon, 14 Sep 2020 15:14:48 GMT | INFO  | Connected to database
Mon, 14 Sep 2020 15:14:53 GMT | INFO  | Server is running on port: 3000
Mon, 14 Sep 2020 15:14:53 GMT | INFO  | Connected to database
Mon, 14 Sep 2020 15:14:57 GMT | INFO  | Server is running on port: 3000
Mon, 14 Sep 2020 15:14:57 GMT | INFO  | Connected to database
Mon, 14 Sep 2020 15:16:09 GMT | INFO  | Server is running on port: 3000
Mon, 14 Sep 2020 15:16:09 GMT | INFO  | Connected to database
Mon, 14 Sep 2020 15:16:11 GMT | INFO  | Server is running on port: 3000
Mon, 14 Sep 2020 15:16:11 GMT | INFO  | Connected to database
Mon, 14 Sep 2020 15:16:37 GMT | INFO  | Server is running on port: 3000
Mon, 14 Sep 2020 15:16:37 GMT | INFO  | Connected to database
Mon, 14 Sep 2020 15:18:55 GMT | INFO  | Server is running on port: 3000
Mon, 14 Sep 2020 15:18:55 GMT | INFO  | Connected to database
Mon, 14 Sep 2020 15:19:44 GMT | INFO  | Server is running on port: 3000
Mon, 14 Sep 2020 15:19:44 GMT | INFO  | Connected to database
Mon, 14 Sep 2020 15:20:26 GMT | INFO  | Server is running on port: 3000
Mon, 14 Sep 2020 15:20:26 GMT | INFO  | Connected to database
Mon, 14 Sep 2020 15:21:09 GMT | INFO  | Server is running on port: 3000
Mon, 14 Sep 2020 15:21:09 GMT | INFO  | Connected to database
Mon, 14 Sep 2020 15:22:27 GMT | INFO  | Server is running on port: 3000
Mon, 14 Sep 2020 15:22:27 GMT | INFO  | Connected to database
Mon, 14 Sep 2020 15:23:09 GMT | INFO  | Server is running on port: 3000
Mon, 14 Sep 2020 15:23:09 GMT | INFO  | Connected to database
Mon, 14 Sep 2020 15:23:41 GMT | INFO  | Server is running on port: 3000
Mon, 14 Sep 2020 15:23:41 GMT | INFO  | Connected to database
Wed, 30 Sep 2020 06:45:18 GMT | INFO  | Server is running on port: 3000
Wed, 30 Sep 2020 06:45:18 GMT | INFO  | Connected to database
Wed, 30 Sep 2020 06:46:22 GMT | INFO  | Server is running on port: 3000
Wed, 30 Sep 2020 06:46:22 GMT | INFO  | Connected to database
Wed, 30 Sep 2020 06:48:16 GMT | INFO  | Server is running on port: 3000
Wed, 30 Sep 2020 06:48:16 GMT | INFO  | Connected to database
Wed, 30 Sep 2020 06:49:50 GMT | INFO  | Server is running on port: 3000
Wed, 30 Sep 2020 06:49:50 GMT | INFO  | Connected to database
Wed, 30 Sep 2020 06:50:02 GMT | INFO  | Server is running on port: 3000
Wed, 30 Sep 2020 06:50:02 GMT | INFO  | Connected to database
Wed, 30 Sep 2020 06:50:32 GMT | INFO  | Server is running on port: 3000
Wed, 30 Sep 2020 06:50:32 GMT | INFO  | Connected to database
Wed, 30 Sep 2020 06:52:51 GMT | INFO  | Server is running on port: 3000
Wed, 30 Sep 2020 06:52:51 GMT | INFO  | Connected to database
Wed, 30 Sep 2020 06:54:57 GMT | INFO  | Server is running on port: 3000
Wed, 30 Sep 2020 06:54:57 GMT | INFO  | Connected to database
Wed, 30 Sep 2020 06:55:50 GMT | INFO  | Server is running on port: 3000
Wed, 30 Sep 2020 06:55:50 GMT | INFO  | Connected to database
Wed, 30 Sep 2020 06:56:24 GMT | INFO  | Server is running on port: 3000
Wed, 30 Sep 2020 06:56:24 GMT | INFO  | Connected to database
Wed, 30 Sep 2020 06:57:00 GMT | INFO  | Server is running on port: 3000
Wed, 30 Sep 2020 06:57:00 GMT | INFO  | Connected to database
Wed, 30 Sep 2020 06:58:37 GMT | INFO  | Server is running on port: 3000
Wed, 30 Sep 2020 06:58:37 GMT | INFO  | Connected to database
Wed, 30 Sep 2020 06:59:49 GMT | INFO  | Server is running on port: 3000
Wed, 30 Sep 2020 06:59:49 GMT | INFO  | Connected to database
Wed, 30 Sep 2020 07:00:04 GMT | INFO  | Server is running on port: 3000
Wed, 30 Sep 2020 07:00:05 GMT | INFO  | Connected to database
Wed, 30 Sep 2020 07:00:36 GMT | INFO  | Server is running on port: 3000
Wed, 30 Sep 2020 07:00:36 GMT | INFO  | Connected to database
Wed, 30 Sep 2020 07:00:41 GMT | INFO  | Server is running on port: 3000
Wed, 30 Sep 2020 07:00:41 GMT | INFO  | Connected to database
Wed, 30 Sep 2020 07:01:28 GMT | INFO  | Server is running on port: 3000
Wed, 30 Sep 2020 07:01:28 GMT | INFO  | Connected to database
Wed, 30 Sep 2020 07:01:37 GMT | INFO  | Server is running on port: 3000
Wed, 30 Sep 2020 07:01:37 GMT | INFO  | Connected to database
Wed, 30 Sep 2020 07:03:15 GMT | INFO  | Server is running on port: 3000
Wed, 30 Sep 2020 07:03:15 GMT | INFO  | Connected to database
Wed, 30 Sep 2020 07:03:25 GMT | INFO  | Server is running on port: 3000
Wed, 30 Sep 2020 07:03:26 GMT | INFO  | Connected to database
Wed, 30 Sep 2020 07:03:41 GMT | INFO  | Server is running on port: 3000
Wed, 30 Sep 2020 07:03:41 GMT | INFO  | Connected to database
Wed, 30 Sep 2020 07:05:55 GMT | INFO  | Server is running on port: 3000
Wed, 30 Sep 2020 07:05:55 GMT | INFO  | Connected to database
Wed, 30 Sep 2020 07:06:25 GMT | INFO  | Server is running on port: 3000
Wed, 30 Sep 2020 07:06:25 GMT | INFO  | Connected to database
Wed, 30 Sep 2020 07:06:51 GMT | INFO  | Server is running on port: 3000
Wed, 30 Sep 2020 07:06:51 GMT | INFO  | Connected to database
Wed, 30 Sep 2020 07:12:00 GMT | INFO  | Server is running on port: 3000
Wed, 30 Sep 2020 07:12:00 GMT | INFO  | Connected to database
Wed, 30 Sep 2020 07:12:05 GMT | INFO  | Server is running on port: 3000
Wed, 30 Sep 2020 07:12:05 GMT | INFO  | Connected to database
Wed, 30 Sep 2020 07:12:11 GMT | INFO  | Server is running on port: 3000
Wed, 30 Sep 2020 07:12:11 GMT | INFO  | Connected to database
Wed, 30 Sep 2020 07:12:46 GMT | INFO  | Server is running on port: 3000
Wed, 30 Sep 2020 07:12:46 GMT | INFO  | Connected to database
Wed, 30 Sep 2020 07:12:52 GMT | INFO  | Server is running on port: 3000
Wed, 30 Sep 2020 07:12:52 GMT | INFO  | Connected to database
Wed, 30 Sep 2020 07:13:03 GMT | INFO  | Server is running on port: 3000
Wed, 30 Sep 2020 07:13:03 GMT | INFO  | Connected to database
Wed, 30 Sep 2020 07:21:33 GMT | INFO  | Server is running on port: 3000
Wed, 30 Sep 2020 07:21:33 GMT | INFO  | Connected to database
Wed, 30 Sep 2020 07:22:16 GMT | INFO  | Server is running on port: 3000
Wed, 30 Sep 2020 07:22:16 GMT | INFO  | Connected to database
Wed, 30 Sep 2020 07:22:32 GMT | INFO  | Server is running on port: 3000
Wed, 30 Sep 2020 07:22:32 GMT | INFO  | Connected to database
Wed, 30 Sep 2020 07:30:53 GMT | INFO  | Server is running on port: 3000
Wed, 30 Sep 2020 07:30:53 GMT | INFO  | Connected to database
Wed, 30 Sep 2020 07:31:23 GMT | INFO  | Server is running on port: 3000
Wed, 30 Sep 2020 07:31:23 GMT | INFO  | Connected to database
Wed, 30 Sep 2020 07:32:49 GMT | INFO  | Server is running on port: 3000
Wed, 30 Sep 2020 07:32:49 GMT | INFO  | Connected to database
Wed, 30 Sep 2020 07:32:59 GMT | INFO  | Server is running on port: 3000
Wed, 30 Sep 2020 07:32:59 GMT | INFO  | Connected to database
Wed, 30 Sep 2020 07:33:44 GMT | INFO  | Server is running on port: 3000
Wed, 30 Sep 2020 07:33:44 GMT | INFO  | Connected to database
Wed, 30 Sep 2020 07:33:47 GMT | INFO  | Server is running on port: 3000
Wed, 30 Sep 2020 07:33:47 GMT | INFO  | Connected to database
Wed, 30 Sep 2020 07:34:10 GMT | INFO  | Server is running on port: 3000
Wed, 30 Sep 2020 07:34:10 GMT | INFO  | Connected to database
Wed, 30 Sep 2020 07:35:02 GMT | INFO  | Server is running on port: 3000
Wed, 30 Sep 2020 07:35:02 GMT | INFO  | Connected to database
Wed, 30 Sep 2020 07:35:28 GMT | INFO  | Server is running on port: 3000
Wed, 30 Sep 2020 07:35:28 GMT | INFO  | Connected to database
Wed, 30 Sep 2020 07:36:40 GMT | INFO  | Server is running on port: 3000
Wed, 30 Sep 2020 07:36:41 GMT | INFO  | Connected to database
Wed, 30 Sep 2020 07:44:25 GMT | INFO  | Server is running on port: 3000
Wed, 30 Sep 2020 07:44:25 GMT | INFO  | Connected to database
Wed, 30 Sep 2020 07:52:23 GMT | INFO  | Server is running on port: 3000
Wed, 30 Sep 2020 07:52:23 GMT | INFO  | Connected to database
Wed, 30 Sep 2020 07:58:18 GMT | INFO  | Server is running on port: 3000
Wed, 30 Sep 2020 07:58:18 GMT | INFO  | Connected to database
Wed, 30 Sep 2020 08:05:01 GMT | INFO  | Server is running on port: 3000
Wed, 30 Sep 2020 08:05:01 GMT | INFO  | Connected to database
Wed, 30 Sep 2020 08:05:03 GMT | INFO  | Server is running on port: 3000
Wed, 30 Sep 2020 08:05:03 GMT | INFO  | Connected to database
Wed, 30 Sep 2020 08:07:22 GMT | INFO  | Server is running on port: 3000
Wed, 30 Sep 2020 08:07:22 GMT | INFO  | Connected to database
Wed, 30 Sep 2020 08:29:11 GMT | INFO  | Server is running on port: 3000
Wed, 30 Sep 2020 08:29:11 GMT | INFO  | Connected to database
Wed, 30 Sep 2020 08:29:57 GMT | INFO  | Server is running on port: 3000
Wed, 30 Sep 2020 08:29:57 GMT | INFO  | Connected to database
Wed, 30 Sep 2020 08:31:48 GMT | INFO  | Server is running on port: 3000
Wed, 30 Sep 2020 08:31:48 GMT | INFO  | Connected to database
Wed, 30 Sep 2020 08:32:04 GMT | INFO  | Server is running on port: 3000
Wed, 30 Sep 2020 08:32:04 GMT | INFO  | Connected to database
Wed, 30 Sep 2020 08:32:36 GMT | INFO  | Server is running on port: 3000
Wed, 30 Sep 2020 08:32:37 GMT | INFO  | Connected to database
Wed, 30 Sep 2020 08:33:22 GMT | INFO  | Server is running on port: 3000
Wed, 30 Sep 2020 08:33:22 GMT | INFO  | Connected to database
Wed, 30 Sep 2020 08:33:42 GMT | INFO  | Server is running on port: 3000
Wed, 30 Sep 2020 08:33:42 GMT | INFO  | Connected to database
Wed, 30 Sep 2020 08:34:15 GMT | INFO  | Server is running on port: 3000
Wed, 30 Sep 2020 08:34:15 GMT | INFO  | Connected to database
Wed, 30 Sep 2020 08:34:17 GMT | INFO  | Server is running on port: 3000
Wed, 30 Sep 2020 08:34:17 GMT | INFO  | Connected to database
Wed, 30 Sep 2020 08:34:26 GMT | INFO  | Server is running on port: 3000
Wed, 30 Sep 2020 08:34:26 GMT | INFO  | Connected to database
Wed, 30 Sep 2020 08:34:39 GMT | INFO  | Server is running on port: 3000
Wed, 30 Sep 2020 08:34:39 GMT | INFO  | Connected to database
Wed, 30 Sep 2020 08:34:57 GMT | INFO  | Server is running on port: 3000
Wed, 30 Sep 2020 08:34:57 GMT | INFO  | Connected to database
Wed, 30 Sep 2020 08:35:38 GMT | INFO  | Server is running on port: 3000
Wed, 30 Sep 2020 08:35:38 GMT | INFO  | Connected to database
Wed, 30 Sep 2020 08:35:55 GMT | INFO  | Server is running on port: 3000
Wed, 30 Sep 2020 08:35:55 GMT | INFO  | Connected to database
Wed, 30 Sep 2020 08:36:16 GMT | INFO  | Server is running on port: 3000
Wed, 30 Sep 2020 08:36:16 GMT | INFO  | Connected to database
Wed, 30 Sep 2020 08:37:41 GMT | INFO  | Server is running on port: 3000
Wed, 30 Sep 2020 08:37:42 GMT | INFO  | Connected to database
Wed, 30 Sep 2020 08:38:01 GMT | INFO  | Server is running on port: 3000
Wed, 30 Sep 2020 08:38:01 GMT | INFO  | Connected to database
Wed, 30 Sep 2020 08:39:49 GMT | INFO  | Server is running on port: 3000
Wed, 30 Sep 2020 08:39:49 GMT | INFO  | Connected to database
Wed, 30 Sep 2020 08:40:22 GMT | INFO  | Server is running on port: 3000
Wed, 30 Sep 2020 08:40:22 GMT | INFO  | Connected to database
Wed, 30 Sep 2020 08:40:39 GMT | INFO  | Server is running on port: 3000
Wed, 30 Sep 2020 08:40:39 GMT | INFO  | Connected to database
Wed, 30 Sep 2020 08:40:45 GMT | INFO  | Server is running on port: 3000
Wed, 30 Sep 2020 08:40:45 GMT | INFO  | Connected to database
Wed, 30 Sep 2020 08:42:26 GMT | INFO  | Server is running on port: 3000
Wed, 30 Sep 2020 08:42:26 GMT | INFO  | Connected to database
Wed, 30 Sep 2020 08:42:57 GMT | INFO  | Server is running on port: 3000
Wed, 30 Sep 2020 08:42:57 GMT | INFO  | Connected to database
Wed, 30 Sep 2020 08:43:18 GMT | INFO  | Server is running on port: 3000
Wed, 30 Sep 2020 08:43:18 GMT | INFO  | Connected to database
Wed, 30 Sep 2020 08:43:41 GMT | INFO  | Server is running on port: 3000
Wed, 30 Sep 2020 08:43:41 GMT | INFO  | Connected to database
Wed, 30 Sep 2020 08:43:48 GMT | INFO  | Server is running on port: 3000
Wed, 30 Sep 2020 08:43:48 GMT | INFO  | Connected to database
Wed, 30 Sep 2020 08:45:58 GMT | INFO  | Server is running on port: 3000
Wed, 30 Sep 2020 08:45:58 GMT | INFO  | Connected to database
Wed, 30 Sep 2020 08:46:17 GMT | INFO  | Server is running on port: 3000
Wed, 30 Sep 2020 08:46:17 GMT | INFO  | Connected to database
Wed, 30 Sep 2020 08:47:49 GMT | INFO  | Server is running on port: 3000
Wed, 30 Sep 2020 08:47:49 GMT | INFO  | Connected to database
Wed, 30 Sep 2020 08:48:37 GMT | INFO  | Server is running on port: 3000
Wed, 30 Sep 2020 08:48:37 GMT | INFO  | Connected to database
Wed, 30 Sep 2020 08:49:48 GMT | INFO  | Server is running on port: 3000
Wed, 30 Sep 2020 08:49:48 GMT | INFO  | Connected to database
Wed, 30 Sep 2020 08:50:33 GMT | INFO  | Server is running on port: 3000
Wed, 30 Sep 2020 08:50:33 GMT | INFO  | Connected to database
Wed, 30 Sep 2020 08:51:07 GMT | INFO  | Server is running on port: 3000
Wed, 30 Sep 2020 08:51:07 GMT | INFO  | Connected to database
Wed, 30 Sep 2020 08:51:09 GMT | INFO  | Server is running on port: 3000
Wed, 30 Sep 2020 08:51:09 GMT | INFO  | Connected to database
Wed, 30 Sep 2020 08:51:13 GMT | INFO  | Server is running on port: 3000
Wed, 30 Sep 2020 08:51:13 GMT | INFO  | Connected to database
Wed, 30 Sep 2020 08:51:36 GMT | INFO  | Server is running on port: 3000
Wed, 30 Sep 2020 08:51:36 GMT | INFO  | Connected to database
Wed, 30 Sep 2020 08:52:03 GMT | INFO  | Server is running on port: 3000
Wed, 30 Sep 2020 08:52:03 GMT | INFO  | Connected to database
Wed, 30 Sep 2020 08:53:43 GMT | INFO  | Server is running on port: 3000
Wed, 30 Sep 2020 08:53:43 GMT | INFO  | Connected to database
Wed, 30 Sep 2020 09:05:21 GMT | INFO  | Server is running on port: 3000
Wed, 30 Sep 2020 09:05:21 GMT | INFO  | Connected to database
Wed, 30 Sep 2020 09:06:48 GMT | INFO  | Server is running on port: 3000
Wed, 30 Sep 2020 09:06:48 GMT | INFO  | Connected to database
Wed, 30 Sep 2020 09:07:49 GMT | INFO  | Server is running on port: 3000
Wed, 30 Sep 2020 09:07:49 GMT | INFO  | Connected to database
Wed, 30 Sep 2020 09:08:40 GMT | INFO  | Server is running on port: 3000
Wed, 30 Sep 2020 09:08:40 GMT | INFO  | Connected to database
Wed, 30 Sep 2020 09:09:20 GMT | INFO  | Server is running on port: 3000
Wed, 30 Sep 2020 09:09:20 GMT | INFO  | Connected to database
Wed, 30 Sep 2020 09:09:44 GMT | INFO  | Server is running on port: 3000
Wed, 30 Sep 2020 09:09:44 GMT | INFO  | Connected to database
Wed, 30 Sep 2020 09:13:18 GMT | INFO  | Server is running on port: 3000
Wed, 30 Sep 2020 09:13:18 GMT | INFO  | Connected to database
Wed, 30 Sep 2020 09:13:42 GMT | INFO  | Server is running on port: 3000
Wed, 30 Sep 2020 09:13:42 GMT | INFO  | Connected to database
Wed, 30 Sep 2020 09:13:46 GMT | INFO  | Server is running on port: 3000
Wed, 30 Sep 2020 09:13:46 GMT | INFO  | Connected to database
Wed, 30 Sep 2020 09:14:49 GMT | INFO  | Server is running on port: 3000
Wed, 30 Sep 2020 09:14:49 GMT | INFO  | Connected to database
Wed, 30 Sep 2020 09:16:00 GMT | INFO  | Server is running on port: 3000
Wed, 30 Sep 2020 09:16:00 GMT | INFO  | Connected to database
Wed, 30 Sep 2020 09:16:18 GMT | INFO  | Server is running on port: 3000
Wed, 30 Sep 2020 09:16:18 GMT | INFO  | Connected to database
Wed, 30 Sep 2020 09:17:25 GMT | INFO  | Server is running on port: 3000
Wed, 30 Sep 2020 09:17:25 GMT | INFO  | Connected to database
Wed, 30 Sep 2020 09:17:50 GMT | INFO  | Server is running on port: 3000
Wed, 30 Sep 2020 09:17:50 GMT | INFO  | Connected to database
Wed, 30 Sep 2020 09:21:16 GMT | INFO  | Server is running on port: 3000
Wed, 30 Sep 2020 09:21:16 GMT | INFO  | Connected to database
Wed, 30 Sep 2020 09:21:54 GMT | INFO  | Server is running on port: 3000
Wed, 30 Sep 2020 09:21:54 GMT | INFO  | Connected to database
Wed, 30 Sep 2020 09:21:55 GMT | INFO  | Server is running on port: 3000
Wed, 30 Sep 2020 09:21:55 GMT | INFO  | Connected to database
Wed, 30 Sep 2020 09:23:43 GMT | INFO  | Server is running on port: 3000
Wed, 30 Sep 2020 09:23:43 GMT | INFO  | Connected to database
Wed, 30 Sep 2020 09:23:50 GMT | INFO  | Server is running on port: 3000
Wed, 30 Sep 2020 09:23:50 GMT | INFO  | Connected to database
Wed, 30 Sep 2020 09:26:38 GMT | INFO  | Server is running on port: 3000
Wed, 30 Sep 2020 09:26:38 GMT | INFO  | Connected to database
Wed, 30 Sep 2020 09:27:11 GMT | INFO  | Server is running on port: 3000
Wed, 30 Sep 2020 09:27:11 GMT | INFO  | Connected to database
Wed, 30 Sep 2020 09:31:06 GMT | INFO  | Server is running on port: 3000
Wed, 30 Sep 2020 09:31:06 GMT | INFO  | Connected to database
Wed, 30 Sep 2020 09:32:07 GMT | INFO  | Server is running on port: 3000
Wed, 30 Sep 2020 09:32:07 GMT | INFO  | Connected to database
Wed, 30 Sep 2020 09:32:17 GMT | INFO  | Server is running on port: 3000
Wed, 30 Sep 2020 09:32:17 GMT | INFO  | Connected to database
Wed, 30 Sep 2020 09:36:34 GMT | INFO  | Server is running on port: 3000
Wed, 30 Sep 2020 09:36:34 GMT | INFO  | Connected to database
Wed, 30 Sep 2020 09:37:52 GMT | INFO  | Server is running on port: 3000
Wed, 30 Sep 2020 09:37:52 GMT | INFO  | Connected to database
Wed, 30 Sep 2020 09:39:17 GMT | INFO  | Server is running on port: 3000
Wed, 30 Sep 2020 09:39:17 GMT | INFO  | Connected to database
Wed, 30 Sep 2020 09:39:36 GMT | INFO  | Server is running on port: 3000
Wed, 30 Sep 2020 09:39:36 GMT | INFO  | Connected to database
Wed, 30 Sep 2020 09:39:58 GMT | INFO  | Server is running on port: 3000
Wed, 30 Sep 2020 09:39:58 GMT | INFO  | Connected to database
Wed, 30 Sep 2020 09:41:06 GMT | INFO  | Server is running on port: 3000
Wed, 30 Sep 2020 09:41:06 GMT | INFO  | Connected to database
Wed, 30 Sep 2020 09:43:09 GMT | INFO  | Server is running on port: 3000
Wed, 30 Sep 2020 09:43:09 GMT | INFO  | Connected to database
Wed, 30 Sep 2020 09:44:20 GMT | INFO  | Server is running on port: 3000
Wed, 30 Sep 2020 09:44:20 GMT | INFO  | Connected to database
Wed, 30 Sep 2020 09:44:52 GMT | INFO  | Server is running on port: 3000
Wed, 30 Sep 2020 09:44:52 GMT | INFO  | Connected to database
Wed, 30 Sep 2020 09:45:56 GMT | INFO  | Server is running on port: 3000
Wed, 30 Sep 2020 09:45:56 GMT | INFO  | Connected to database
Wed, 30 Sep 2020 09:49:04 GMT | INFO  | Server is running on port: 3000
Wed, 30 Sep 2020 09:49:04 GMT | INFO  | Connected to database
Wed, 30 Sep 2020 09:49:48 GMT | INFO  | Server is running on port: 3000
Wed, 30 Sep 2020 09:49:48 GMT | INFO  | Connected to database
Thu, 01 Oct 2020 14:13:37 GMT | INFO  | Server is running on port: 3000
Thu, 01 Oct 2020 14:14:29 GMT | INFO  | Server is running on port: 3000
Thu, 01 Oct 2020 14:14:29 GMT | INFO  | Connected to database
Thu, 01 Oct 2020 20:01:30 GMT | INFO  | Server is running on port: 3000
Thu, 01 Oct 2020 20:01:30 GMT | INFO  | Connected to database
Sun, 11 Oct 2020 09:00:13 GMT | INFO  | Server is running on port: 3000
Sun, 11 Oct 2020 09:00:13 GMT | INFO  | Connected to database
Sun, 11 Oct 2020 14:23:15 GMT | INFO  | Server is running on port: 3000
Sun, 11 Oct 2020 14:23:15 GMT | INFO  | Connected to database
Mon, 12 Oct 2020 05:48:59 GMT | INFO  | Server is running on port: 3000
Mon, 12 Oct 2020 05:48:59 GMT | INFO  | Connected to database
Tue, 13 Oct 2020 07:30:27 GMT | INFO  | Server is running on port: 3000
Tue, 13 Oct 2020 07:30:27 GMT | INFO  | Connected to database
Tue, 13 Oct 2020 19:35:30 GMT | INFO  | Server is running on port: 3000
Tue, 13 Oct 2020 19:35:30 GMT | INFO  | Connected to database
Tue, 13 Oct 2020 20:45:14 GMT | INFO  | Server is running on port: 3000
Tue, 13 Oct 2020 20:45:14 GMT | INFO  | Connected to database
Thu, 05 Nov 2020 08:21:48 GMT | INFO  | Server is running on port: 3000
Thu, 05 Nov 2020 08:21:48 GMT | INFO  | Connected to database
Thu, 05 Nov 2020 08:23:05 GMT | INFO  | Server is running on port: 3000
Thu, 05 Nov 2020 08:23:05 GMT | INFO  | Connected to database
Thu, 05 Nov 2020 08:26:45 GMT | INFO  | Server is running on port: 3000
Thu, 05 Nov 2020 08:26:45 GMT | INFO  | Connected to database
Thu, 05 Nov 2020 08:27:44 GMT | INFO  | Server is running on port: 3000
Thu, 05 Nov 2020 08:27:44 GMT | INFO  | Connected to database
Thu, 05 Nov 2020 08:28:43 GMT | INFO  | Server is running on port: 3000
Thu, 05 Nov 2020 08:28:43 GMT | INFO  | Connected to database
Thu, 05 Nov 2020 08:29:10 GMT | INFO  | Server is running on port: 3000
Thu, 05 Nov 2020 08:29:10 GMT | INFO  | Connected to database
Thu, 05 Nov 2020 08:29:33 GMT | INFO  | Server is running on port: 3000
Thu, 05 Nov 2020 08:29:33 GMT | INFO  | Connected to database
Thu, 05 Nov 2020 08:32:42 GMT | INFO  | Server is running on port: 3000
Thu, 05 Nov 2020 08:32:42 GMT | INFO  | Connected to database
Thu, 05 Nov 2020 08:33:19 GMT | INFO  | Server is running on port: 3000
Thu, 05 Nov 2020 08:33:19 GMT | INFO  | Connected to database
Thu, 05 Nov 2020 08:36:19 GMT | INFO  | Server is running on port: 3000
Thu, 05 Nov 2020 08:36:20 GMT | INFO  | Connected to database
Thu, 05 Nov 2020 08:39:59 GMT | INFO  | Server is running on port: 3000
Thu, 05 Nov 2020 08:39:59 GMT | INFO  | Connected to database
Thu, 05 Nov 2020 08:45:48 GMT | INFO  | Server is running on port: 3000
Thu, 05 Nov 2020 08:45:48 GMT | INFO  | Connected to database
Thu, 05 Nov 2020 08:46:12 GMT | INFO  | Server is running on port: 3000
Thu, 05 Nov 2020 08:46:12 GMT | INFO  | Connected to database
Thu, 05 Nov 2020 08:46:23 GMT | INFO  | Server is running on port: 3000
Thu, 05 Nov 2020 08:46:23 GMT | INFO  | Connected to database
Thu, 05 Nov 2020 08:47:39 GMT | INFO  | Server is running on port: 3000
Thu, 05 Nov 2020 08:47:39 GMT | INFO  | Connected to database
Thu, 05 Nov 2020 08:50:52 GMT | INFO  | Server is running on port: 3000
Thu, 05 Nov 2020 08:50:52 GMT | INFO  | Connected to database
Thu, 05 Nov 2020 08:53:22 GMT | INFO  | Server is running on port: 3000
Thu, 05 Nov 2020 08:53:22 GMT | INFO  | Connected to database
Thu, 05 Nov 2020 08:53:29 GMT | INFO  | Server is running on port: 3000
Thu, 05 Nov 2020 08:53:29 GMT | INFO  | Connected to database
Thu, 05 Nov 2020 08:54:39 GMT | INFO  | Server is running on port: 3000
Thu, 05 Nov 2020 08:54:39 GMT | INFO  | Connected to database
Thu, 05 Nov 2020 08:54:51 GMT | INFO  | Server is running on port: 3000
Thu, 05 Nov 2020 08:54:51 GMT | INFO  | Connected to database
Thu, 05 Nov 2020 08:56:08 GMT | INFO  | Server is running on port: 3000
Thu, 05 Nov 2020 08:56:08 GMT | INFO  | Connected to database
Thu, 05 Nov 2020 08:56:10 GMT | INFO  | Server is running on port: 3000
Thu, 05 Nov 2020 08:56:10 GMT | INFO  | Connected to database
Thu, 05 Nov 2020 09:36:11 GMT | INFO  | Server is running on port: 3000
Thu, 05 Nov 2020 09:36:11 GMT | INFO  | Connected to database
Thu, 05 Nov 2020 09:36:41 GMT | INFO  | Server is running on port: 3000
Thu, 05 Nov 2020 09:36:41 GMT | INFO  | Connected to database
Thu, 05 Nov 2020 09:37:57 GMT | INFO  | Server is running on port: 3000
Thu, 05 Nov 2020 09:37:57 GMT | INFO  | Connected to database
Thu, 05 Nov 2020 09:41:25 GMT | INFO  | Server is running on port: 3000
Thu, 05 Nov 2020 09:41:25 GMT | INFO  | Connected to database
Thu, 05 Nov 2020 09:42:17 GMT | INFO  | Server is running on port: 3000
Thu, 05 Nov 2020 09:42:17 GMT | INFO  | Connected to database
Thu, 05 Nov 2020 09:43:05 GMT | INFO  | Server is running on port: 3000
Thu, 05 Nov 2020 09:43:05 GMT | INFO  | Connected to database
Thu, 05 Nov 2020 09:45:46 GMT | INFO  | Server is running on port: 3000
Thu, 05 Nov 2020 09:45:46 GMT | INFO  | Connected to database
Thu, 05 Nov 2020 09:46:33 GMT | INFO  | Server is running on port: 3000
Thu, 05 Nov 2020 09:46:33 GMT | INFO  | Connected to database
Thu, 05 Nov 2020 09:48:07 GMT | INFO  | Server is running on port: 3000
Thu, 05 Nov 2020 09:48:07 GMT | INFO  | Connected to database
Thu, 05 Nov 2020 09:49:43 GMT | INFO  | Server is running on port: 3000
Thu, 05 Nov 2020 09:49:43 GMT | INFO  | Connected to database
Thu, 05 Nov 2020 09:50:10 GMT | INFO  | Server is running on port: 3000
Thu, 05 Nov 2020 09:50:10 GMT | INFO  | Connected to database
Thu, 05 Nov 2020 09:51:02 GMT | INFO  | Server is running on port: 3000
Thu, 05 Nov 2020 09:51:02 GMT | INFO  | Connected to database
Thu, 05 Nov 2020 09:52:56 GMT | INFO  | Server is running on port: 3000
Thu, 05 Nov 2020 09:52:56 GMT | INFO  | Connected to database
Thu, 05 Nov 2020 09:53:29 GMT | INFO  | Server is running on port: 3000
Thu, 05 Nov 2020 09:53:29 GMT | INFO  | Connected to database
Thu, 05 Nov 2020 09:55:19 GMT | INFO  | Server is running on port: 3000
Thu, 05 Nov 2020 09:55:19 GMT | INFO  | Connected to database
Thu, 05 Nov 2020 09:57:20 GMT | INFO  | Server is running on port: 3000
Thu, 05 Nov 2020 09:57:20 GMT | INFO  | Connected to database
Thu, 05 Nov 2020 09:59:42 GMT | INFO  | Server is running on port: 3000
Thu, 05 Nov 2020 09:59:42 GMT | INFO  | Connected to database
Thu, 05 Nov 2020 10:05:56 GMT | INFO  | Server is running on port: 3000
Thu, 05 Nov 2020 10:05:56 GMT | INFO  | Connected to database
Thu, 05 Nov 2020 10:06:25 GMT | INFO  | Server is running on port: 3000
Thu, 05 Nov 2020 10:06:25 GMT | INFO  | Connected to database
Thu, 05 Nov 2020 10:08:57 GMT | INFO  | Server is running on port: 3000
Thu, 05 Nov 2020 10:08:57 GMT | INFO  | Connected to database
Thu, 05 Nov 2020 10:09:22 GMT | INFO  | Server is running on port: 3000
Thu, 05 Nov 2020 10:09:22 GMT | INFO  | Connected to database
Thu, 05 Nov 2020 10:11:53 GMT | INFO  | Server is running on port: 3000
Thu, 05 Nov 2020 10:11:53 GMT | INFO  | Connected to database
Thu, 05 Nov 2020 10:12:00 GMT | INFO  | Server is running on port: 3000
Thu, 05 Nov 2020 10:12:00 GMT | INFO  | Connected to database
Thu, 05 Nov 2020 10:12:42 GMT | INFO  | Server is running on port: 3000
Thu, 05 Nov 2020 10:12:42 GMT | INFO  | Connected to database
Thu, 05 Nov 2020 10:16:58 GMT | INFO  | Server is running on port: 3000
Thu, 05 Nov 2020 10:16:58 GMT | INFO  | Connected to database
Thu, 05 Nov 2020 10:18:08 GMT | INFO  | Server is running on port: 3000
Thu, 05 Nov 2020 10:18:08 GMT | INFO  | Connected to database
Thu, 05 Nov 2020 10:18:31 GMT | INFO  | Server is running on port: 3000
Thu, 05 Nov 2020 10:18:31 GMT | INFO  | Connected to database
Thu, 05 Nov 2020 10:31:35 GMT | INFO  | Server is running on port: 3000
Thu, 05 Nov 2020 10:31:35 GMT | INFO  | Connected to database
Thu, 05 Nov 2020 10:34:00 GMT | INFO  | Server is running on port: 3000
Thu, 05 Nov 2020 10:34:00 GMT | INFO  | Connected to database
Thu, 05 Nov 2020 10:38:24 GMT | INFO  | Server is running on port: 3000
Thu, 05 Nov 2020 10:38:24 GMT | INFO  | Connected to database
Thu, 05 Nov 2020 10:39:10 GMT | INFO  | Server is running on port: 3000
Thu, 05 Nov 2020 10:39:10 GMT | INFO  | Connected to database
Thu, 05 Nov 2020 10:41:52 GMT | INFO  | Server is running on port: 3000
Thu, 05 Nov 2020 10:41:52 GMT | INFO  | Connected to database
Thu, 05 Nov 2020 10:41:54 GMT | INFO  | Server is running on port: 3000
Thu, 05 Nov 2020 10:41:54 GMT | INFO  | Connected to database
Thu, 05 Nov 2020 10:44:47 GMT | INFO  | Server is running on port: 3000
Thu, 05 Nov 2020 10:44:47 GMT | INFO  | Connected to database
Thu, 05 Nov 2020 10:44:58 GMT | INFO  | Server is running on port: 3000
Thu, 05 Nov 2020 10:44:58 GMT | INFO  | Connected to database
Thu, 05 Nov 2020 10:45:00 GMT | INFO  | Server is running on port: 3000
Thu, 05 Nov 2020 10:45:00 GMT | INFO  | Connected to database
Thu, 05 Nov 2020 10:45:07 GMT | INFO  | Server is running on port: 3000
Thu, 05 Nov 2020 10:45:07 GMT | INFO  | Connected to database
Thu, 05 Nov 2020 10:45:25 GMT | INFO  | Server is running on port: 3000
Thu, 05 Nov 2020 10:45:25 GMT | INFO  | Connected to database
Thu, 05 Nov 2020 10:45:42 GMT | INFO  | Server is running on port: 3000
Thu, 05 Nov 2020 10:45:42 GMT | INFO  | Connected to database
Thu, 05 Nov 2020 10:46:06 GMT | INFO  | Server is running on port: 3000
Thu, 05 Nov 2020 10:46:06 GMT | INFO  | Connected to database
Thu, 05 Nov 2020 10:48:34 GMT | INFO  | Server is running on port: 3000
Thu, 05 Nov 2020 10:48:35 GMT | INFO  | Connected to database
Thu, 05 Nov 2020 11:01:56 GMT | INFO  | Server is running on port: 3000
Thu, 05 Nov 2020 11:01:56 GMT | INFO  | Connected to database
Thu, 05 Nov 2020 11:04:09 GMT | INFO  | Server is running on port: 3000
Thu, 05 Nov 2020 11:04:09 GMT | INFO  | Connected to database
Thu, 05 Nov 2020 11:06:12 GMT | INFO  | Server is running on port: 3000
Thu, 05 Nov 2020 11:06:12 GMT | INFO  | Connected to database
Thu, 05 Nov 2020 11:08:54 GMT | INFO  | Server is running on port: 3000
Thu, 05 Nov 2020 11:08:54 GMT | INFO  | Connected to database
Thu, 05 Nov 2020 15:41:56 GMT | INFO  | Server is running on port: 3000
Thu, 05 Nov 2020 15:41:56 GMT | INFO  | Connected to database
Thu, 05 Nov 2020 15:43:06 GMT | INFO  | Server is running on port: 3000
Thu, 05 Nov 2020 15:43:06 GMT | INFO  | Connected to database
Thu, 05 Nov 2020 15:45:16 GMT | INFO  | Server is running on port: 3000
Thu, 05 Nov 2020 15:45:16 GMT | INFO  | Connected to database
Thu, 05 Nov 2020 15:46:57 GMT | INFO  | Server is running on port: 3000
Thu, 05 Nov 2020 15:46:57 GMT | INFO  | Connected to database
Thu, 05 Nov 2020 15:49:21 GMT | INFO  | Server is running on port: 3000
Thu, 05 Nov 2020 15:49:21 GMT | INFO  | Connected to database
Thu, 05 Nov 2020 15:52:03 GMT | INFO  | Server is running on port: 3000
Thu, 05 Nov 2020 15:52:03 GMT | INFO  | Connected to database
Thu, 05 Nov 2020 17:07:34 GMT | INFO  | Server is running on port: 3000
Thu, 05 Nov 2020 17:07:34 GMT | INFO  | Connected to database
Thu, 05 Nov 2020 17:11:08 GMT | INFO  | Server is running on port: 3000
Thu, 05 Nov 2020 17:11:08 GMT | INFO  | Connected to database
Thu, 05 Nov 2020 17:16:55 GMT | INFO  | Server is running on port: 3000
Thu, 05 Nov 2020 17:16:55 GMT | INFO  | Connected to database
Thu, 05 Nov 2020 18:05:33 GMT | INFO  | Server is running on port: 3000
Thu, 05 Nov 2020 18:05:33 GMT | INFO  | Connected to database
Thu, 05 Nov 2020 18:05:44 GMT | INFO  | Server is running on port: 3000
Thu, 05 Nov 2020 18:05:44 GMT | INFO  | Connected to database
Thu, 05 Nov 2020 18:06:39 GMT | INFO  | Server is running on port: 3000
Thu, 05 Nov 2020 18:06:39 GMT | INFO  | Connected to database
Thu, 05 Nov 2020 19:38:06 GMT | INFO  | Server is running on port: 3000
Thu, 05 Nov 2020 19:38:06 GMT | INFO  | Connected to database
Thu, 05 Nov 2020 19:38:18 GMT | INFO  | Server is running on port: 3000
Thu, 05 Nov 2020 19:38:18 GMT | INFO  | Connected to database
Thu, 05 Nov 2020 20:17:40 GMT | INFO  | Server is running on port: 3000
Thu, 05 Nov 2020 20:17:40 GMT | INFO  | Connected to database
Thu, 05 Nov 2020 20:17:53 GMT | INFO  | Server is running on port: 3000
Thu, 05 Nov 2020 20:17:53 GMT | INFO  | Connected to database
Thu, 05 Nov 2020 20:18:28 GMT | INFO  | Server is running on port: 3000
Thu, 05 Nov 2020 20:18:28 GMT | INFO  | Connected to database
Thu, 05 Nov 2020 20:22:19 GMT | INFO  | Server is running on port: 3000
Thu, 05 Nov 2020 20:22:19 GMT | INFO  | Connected to database
Thu, 05 Nov 2020 20:22:54 GMT | INFO  | Server is running on port: 3000
Thu, 05 Nov 2020 20:22:54 GMT | INFO  | Connected to database
Thu, 05 Nov 2020 20:44:58 GMT | INFO  | Server is running on port: 3000
Thu, 05 Nov 2020 20:44:58 GMT | INFO  | Connected to database
Thu, 05 Nov 2020 20:45:01 GMT | INFO  | Server is running on port: 3000
Thu, 05 Nov 2020 20:45:01 GMT | INFO  | Connected to database
Thu, 05 Nov 2020 20:47:04 GMT | INFO  | Server is running on port: 3000
Thu, 05 Nov 2020 20:47:04 GMT | INFO  | Connected to database
Thu, 05 Nov 2020 20:47:07 GMT | INFO  | Server is running on port: 3000
Thu, 05 Nov 2020 20:47:07 GMT | INFO  | Connected to database
Thu, 05 Nov 2020 20:47:15 GMT | INFO  | Server is running on port: 3000
Thu, 05 Nov 2020 20:47:15 GMT | INFO  | Connected to database
Thu, 05 Nov 2020 20:48:09 GMT | INFO  | Server is running on port: 3000
Thu, 05 Nov 2020 20:48:09 GMT | INFO  | Connected to database
Thu, 05 Nov 2020 20:55:09 GMT | INFO  | Server is running on port: 3000
Thu, 05 Nov 2020 20:55:09 GMT | INFO  | Connected to database
Thu, 05 Nov 2020 20:55:17 GMT | INFO  | Server is running on port: 3000
Thu, 05 Nov 2020 20:55:17 GMT | INFO  | Connected to database
Thu, 05 Nov 2020 20:56:38 GMT | INFO  | Server is running on port: 3000
Thu, 05 Nov 2020 20:56:38 GMT | INFO  | Connected to database
Thu, 05 Nov 2020 21:10:15 GMT | INFO  | Server is running on port: 3000
Thu, 05 Nov 2020 21:10:15 GMT | INFO  | Connected to database
Thu, 05 Nov 2020 21:10:28 GMT | INFO  | Server is running on port: 3000
Thu, 05 Nov 2020 21:10:28 GMT | INFO  | Connected to database
Thu, 05 Nov 2020 21:13:23 GMT | INFO  | Server is running on port: 3000
Thu, 05 Nov 2020 21:13:23 GMT | INFO  | Connected to database
Thu, 05 Nov 2020 21:13:41 GMT | INFO  | Server is running on port: 3000
Thu, 05 Nov 2020 21:13:41 GMT | INFO  | Connected to database
Thu, 05 Nov 2020 21:13:44 GMT | INFO  | Server is running on port: 3000
Thu, 05 Nov 2020 21:13:44 GMT | INFO  | Connected to database
Thu, 05 Nov 2020 21:14:42 GMT | INFO  | Server is running on port: 3000
Thu, 05 Nov 2020 21:14:42 GMT | INFO  | Connected to database
Thu, 05 Nov 2020 21:15:13 GMT | INFO  | Server is running on port: 3000
Thu, 05 Nov 2020 21:15:13 GMT | INFO  | Connected to database
Fri, 06 Nov 2020 15:47:37 GMT | INFO  | Server is running on port: 3000
Fri, 06 Nov 2020 15:47:37 GMT | INFO  | Connected to database
Fri, 06 Nov 2020 16:07:07 GMT | INFO  | Server is running on port: 3000
Fri, 06 Nov 2020 16:07:14 GMT | INFO  | Server is running on port: 3000
Fri, 06 Nov 2020 16:07:15 GMT | INFO  | Connected to database
Fri, 06 Nov 2020 16:07:22 GMT | INFO  | Server is running on port: 3000
Fri, 06 Nov 2020 16:07:22 GMT | INFO  | Connected to database
Mon, 09 Nov 2020 06:59:13 GMT | INFO  | Server is running on port: 3000
Mon, 09 Nov 2020 06:59:14 GMT | INFO  | Connected to database
Mon, 09 Nov 2020 07:03:17 GMT | INFO  | Server is running on port: 3000
Mon, 09 Nov 2020 07:03:18 GMT | INFO  | Connected to database
Mon, 09 Nov 2020 07:53:49 GMT | INFO  | Server is running on port: 3000
Mon, 09 Nov 2020 07:53:50 GMT | INFO  | Connected to database
Mon, 09 Nov 2020 07:57:03 GMT | INFO  | Server is running on port: 3000
Mon, 09 Nov 2020 07:57:03 GMT | INFO  | Connected to database
Mon, 09 Nov 2020 07:59:46 GMT | INFO  | Server is running on port: 3000
Mon, 09 Nov 2020 07:59:47 GMT | INFO  | Connected to database
Mon, 09 Nov 2020 08:00:24 GMT | INFO  | Server is running on port: 3000
Mon, 09 Nov 2020 08:00:25 GMT | INFO  | Connected to database
Mon, 09 Nov 2020 08:02:29 GMT | INFO  | Server is running on port: 3000
Mon, 09 Nov 2020 08:02:29 GMT | INFO  | Connected to database
Mon, 09 Nov 2020 08:03:22 GMT | INFO  | Server is running on port: 3000
Mon, 09 Nov 2020 08:03:23 GMT | INFO  | Connected to database
Wed, 11 Nov 2020 15:09:52 GMT | INFO  | Server is running on port: 3000
Wed, 11 Nov 2020 15:09:53 GMT | INFO  | Connected to database
